time="2022-11-16T14:47:21+03:00" level=info msg=123 func="main.main()" file="$s:$d%!(EXTRA string=server.go, int=11)"
time="2022-11-16T15:32:00+03:00" level=info msg=123 func="main.main()" file="$s:$d%!(EXTRA string=server.go, int=11)"
time="2022-11-17T10:52:49+03:00" level=info msg=123 func="main.main()" file="$s:$d%!(EXTRA string=server.go, int=11)"
time="2022-11-17T18:41:42+03:00" level=info msg=123 func="main.main()" file="$s:$d%!(EXTRA string=server.go, int=15)"
time="2022-11-17T18:41:42+03:00" level=info msg="read application configuration" func="BalanceService/internal/config.GetConfig.func1()" file="$s:$d%!(EXTRA string=config.go, int=27)"
time="2022-11-17T18:41:42+03:00" level=info func="BalanceService/internal/config.GetConfig.func1()" file="$s:$d%!(EXTRA string=config.go, int=31)"
time="2022-11-17T18:41:42+03:00" level=fatal msg="open config.yml: no such file or directory" func="BalanceService/internal/config.GetConfig.func1()" file="$s:$d%!(EXTRA string=config.go, int=32)"
time="2022-11-17T18:45:34+03:00" level=info msg=123 func="main.main()" file="$s:$d%!(EXTRA string=server.go, int=15)"
time="2022-11-17T18:45:34+03:00" level=info msg="read application configuration" func="BalanceService/internal/config.GetConfig.func1()" file="$s:$d%!(EXTRA string=config.go, int=27)"
time="2022-11-18T01:13:32+03:00" level=info msg=123 func="main.main()" file="$s:$d%!(EXTRA string=server.go, int=15)"
time="2022-11-18T01:13:32+03:00" level=info msg="read application configuration" func="BalanceService/internal/config.GetConfig.func1()" file="$s:$d%!(EXTRA string=config.go, int=27)"
time="2022-11-18T01:51:27+03:00" level=info msg=123 func="main.main()" file="$s:$d%!(EXTRA string=server.go, int=15)"
time="2022-11-18T01:51:27+03:00" level=info msg="read application configuration" func="BalanceService/internal/config.GetConfig.func1()" file="$s:$d%!(EXTRA string=config.go, int=27)"
time="2022-11-18T02:06:51+03:00" level=info msg=123 func="main.main()" file="$s:$d%!(EXTRA string=server.go, int=15)"
time="2022-11-18T02:06:51+03:00" level=info msg="read application configuration" func="BalanceService/internal/config.GetConfig.func1()" file="$s:$d%!(EXTRA string=config.go, int=27)"
time="2022-11-18T02:13:18+03:00" level=info msg=123 func="main.main()" file="$s:$d%!(EXTRA string=server.go, int=15)"
time="2022-11-18T02:13:18+03:00" level=info msg="read application configuration" func="BalanceService/internal/config.GetConfig.func1()" file="$s:$d%!(EXTRA string=config.go, int=27)"
time="2022-11-18T02:36:37+03:00" level=info msg=123 func="main.main()" file="$s:$d%!(EXTRA string=server.go, int=15)"
time="2022-11-18T02:36:37+03:00" level=info msg="read application configuration" func="BalanceService/internal/config.GetConfig.func1()" file="$s:$d%!(EXTRA string=config.go, int=27)"
time="2022-11-18T02:46:18+03:00" level=info msg=123 func="main.main()" file="$s:$d%!(EXTRA string=server.go, int=15)"
time="2022-11-18T02:46:18+03:00" level=info msg="read application configuration" func="BalanceService/internal/config.GetConfig.func1()" file="$s:$d%!(EXTRA string=config.go, int=27)"
time="2022-11-18T02:50:49+03:00" level=info msg=123 func="main.main()" file="$s:$d%!(EXTRA string=server.go, int=15)"
time="2022-11-18T02:50:49+03:00" level=info msg="read application configuration" func="BalanceService/internal/config.GetConfig.func1()" file="$s:$d%!(EXTRA string=config.go, int=27)"
time="2022-11-18T02:54:26+03:00" level=info msg=123 func="main.main()" file="$s:$d%!(EXTRA string=server.go, int=15)"
time="2022-11-18T02:54:26+03:00" level=info msg="read application configuration" func="BalanceService/internal/config.GetConfig.func1()" file="$s:$d%!(EXTRA string=config.go, int=27)"
time="2022-11-18T02:55:03+03:00" level=info msg=123 func="main.main()" file="$s:$d%!(EXTRA string=server.go, int=15)"
time="2022-11-18T02:55:03+03:00" level=info msg="read application configuration" func="BalanceService/internal/config.GetConfig.func1()" file="$s:$d%!(EXTRA string=config.go, int=27)"
time="2022-11-18T02:55:08+03:00" level=error msg="SQL Error: syntax error at or near \"+\", Detail: , Where: , Code: 42601" func="BalanceService/internal/balance/db.db.AddAmount()" file="$s:$d%!(EXTRA string=postgresql.go, int=49)"
time="2022-11-18T02:55:08+03:00" level=fatal msg="SQL Error: syntax error at or near \"+\", Detail: , Where: , Code: 42601" func="BalanceService/internal/balance.(*Service).AddAmount()" file="$s:$d%!(EXTRA string=service.go, int=29)"
time="2022-11-18T02:55:41+03:00" level=info msg=123 func="main.main()" file="$s:$d%!(EXTRA string=server.go, int=15)"
time="2022-11-18T02:55:41+03:00" level=info msg="read application configuration" func="BalanceService/internal/config.GetConfig.func1()" file="$s:$d%!(EXTRA string=config.go, int=27)"
time="2022-11-18T02:58:11+03:00" level=info msg=123 func="main.main()" file="$s:$d%!(EXTRA string=server.go, int=15)"
time="2022-11-18T02:58:11+03:00" level=info msg="read application configuration" func="BalanceService/internal/config.GetConfig.func1()" file="$s:$d%!(EXTRA string=config.go, int=27)"
time="2022-11-18T03:00:21+03:00" level=info msg=123 func="main.main()" file="$s:$d%!(EXTRA string=server.go, int=15)"
time="2022-11-18T03:00:21+03:00" level=info msg="read application configuration" func="BalanceService/internal/config.GetConfig.func1()" file="$s:$d%!(EXTRA string=config.go, int=27)"
time="2022-11-18T03:00:58+03:00" level=info msg=123 func="main.main()" file="$s:$d%!(EXTRA string=server.go, int=15)"
time="2022-11-18T03:00:58+03:00" level=info msg="read application configuration" func="BalanceService/internal/config.GetConfig.func1()" file="$s:$d%!(EXTRA string=config.go, int=27)"
time="2022-11-18T03:01:08+03:00" level=info msg=123 func="main.main()" file="$s:$d%!(EXTRA string=server.go, int=15)"
time="2022-11-18T03:01:08+03:00" level=info msg="read application configuration" func="BalanceService/internal/config.GetConfig.func1()" file="$s:$d%!(EXTRA string=config.go, int=27)"
time="2022-11-18T03:01:45+03:00" level=info msg=123 func="main.main()" file="$s:$d%!(EXTRA string=server.go, int=15)"
time="2022-11-18T03:01:45+03:00" level=info msg="read application configuration" func="BalanceService/internal/config.GetConfig.func1()" file="$s:$d%!(EXTRA string=config.go, int=27)"
time="2022-11-18T03:06:26+03:00" level=info msg=123 func="main.main()" file="$s:$d%!(EXTRA string=server.go, int=15)"
time="2022-11-18T03:06:26+03:00" level=info msg="read application configuration" func="BalanceService/internal/config.GetConfig.func1()" file="$s:$d%!(EXTRA string=config.go, int=27)"
time="2022-11-18T03:09:26+03:00" level=info msg=123 func="main.main()" file="$s:$d%!(EXTRA string=server.go, int=15)"
time="2022-11-18T03:09:26+03:00" level=info msg="read application configuration" func="BalanceService/internal/config.GetConfig.func1()" file="$s:$d%!(EXTRA string=config.go, int=27)"
time="2022-11-18T03:13:23+03:00" level=info msg=123 func="main.main()" file="$s:$d%!(EXTRA string=server.go, int=15)"
time="2022-11-18T03:13:23+03:00" level=info msg="read application configuration" func="BalanceService/internal/config.GetConfig.func1()" file="$s:$d%!(EXTRA string=config.go, int=27)"
time="2022-11-18T03:13:29+03:00" level=info msg=99999999999999999999 func="BalanceService/internal/balance/db.db.AddAmount()" file="$s:$d%!(EXTRA string=postgresql.go, int=54)"
time="2022-11-18T03:14:28+03:00" level=info msg=123 func="main.main()" file="$s:$d%!(EXTRA string=server.go, int=15)"
time="2022-11-18T03:14:28+03:00" level=info msg="read application configuration" func="BalanceService/internal/config.GetConfig.func1()" file="$s:$d%!(EXTRA string=config.go, int=27)"
time="2022-11-18T03:14:32+03:00" level=info msg=100 func="BalanceService/internal/balance/db.db.AddAmount()" file="$s:$d%!(EXTRA string=postgresql.go, int=39)"
time="2022-11-18T03:15:00+03:00" level=info msg=1000 func="BalanceService/internal/balance/db.db.AddAmount()" file="$s:$d%!(EXTRA string=postgresql.go, int=39)"
time="2022-11-18T03:15:03+03:00" level=info msg=1000 func="BalanceService/internal/balance/db.db.AddAmount()" file="$s:$d%!(EXTRA string=postgresql.go, int=39)"
time="2022-11-18T03:15:06+03:00" level=info msg=1000 func="BalanceService/internal/balance/db.db.AddAmount()" file="$s:$d%!(EXTRA string=postgresql.go, int=39)"
time="2022-11-18T03:15:08+03:00" level=info msg=1000 func="BalanceService/internal/balance/db.db.AddAmount()" file="$s:$d%!(EXTRA string=postgresql.go, int=39)"
time="2022-11-18T03:15:09+03:00" level=info msg=1000 func="BalanceService/internal/balance/db.db.AddAmount()" file="$s:$d%!(EXTRA string=postgresql.go, int=39)"
time="2022-11-18T03:15:10+03:00" level=info msg=1000 func="BalanceService/internal/balance/db.db.AddAmount()" file="$s:$d%!(EXTRA string=postgresql.go, int=39)"
time="2022-11-18T03:15:11+03:00" level=info msg=1000 func="BalanceService/internal/balance/db.db.AddAmount()" file="$s:$d%!(EXTRA string=postgresql.go, int=39)"
time="2022-11-18T03:15:12+03:00" level=info msg=1000 func="BalanceService/internal/balance/db.db.AddAmount()" file="$s:$d%!(EXTRA string=postgresql.go, int=39)"
time="2022-11-18T03:15:48+03:00" level=info msg=123 func="main.main()" file="$s:$d%!(EXTRA string=server.go, int=15)"
time="2022-11-18T03:15:48+03:00" level=info msg="read application configuration" func="BalanceService/internal/config.GetConfig.func1()" file="$s:$d%!(EXTRA string=config.go, int=27)"
time="2022-11-18T03:15:52+03:00" level=info msg=1000 func="BalanceService/internal/balance/db.db.AddAmount()" file="$s:$d%!(EXTRA string=postgresql.go, int=39)"
time="2022-11-18T12:01:15+03:00" level=info msg=123 func="main.main()" file="$s:$d%!(EXTRA string=server.go, int=15)"
time="2022-11-18T12:01:15+03:00" level=info msg="read application configuration" func="BalanceService/internal/config.GetConfig.func1()" file="$s:$d%!(EXTRA string=config.go, int=27)"
time="2022-11-18T12:02:01+03:00" level=info msg=1000 func="BalanceService/internal/balance/db.db.AddAmount()" file="$s:$d%!(EXTRA string=postgresql.go, int=39)"
time="2022-11-18T12:02:04+03:00" level=info msg=1000 func="BalanceService/internal/balance/db.db.AddAmount()" file="$s:$d%!(EXTRA string=postgresql.go, int=39)"
time="2022-11-18T12:03:19+03:00" level=info msg=0 func="BalanceService/internal/balance/db.db.AddAmount()" file="$s:$d%!(EXTRA string=postgresql.go, int=39)"
time="2022-11-18T12:03:23+03:00" level=info msg=0 func="BalanceService/internal/balance/db.db.AddAmount()" file="$s:$d%!(EXTRA string=postgresql.go, int=39)"
time="2022-11-18T12:03:40+03:00" level=info msg=1000 func="BalanceService/internal/balance/db.db.AddAmount()" file="$s:$d%!(EXTRA string=postgresql.go, int=39)"
time="2022-11-18T12:04:56+03:00" level=info msg=123 func="main.main()" file="$s:$d%!(EXTRA string=server.go, int=15)"
time="2022-11-18T12:04:56+03:00" level=info msg="read application configuration" func="BalanceService/internal/config.GetConfig.func1()" file="$s:$d%!(EXTRA string=config.go, int=27)"
time="2022-11-18T12:05:01+03:00" level=info msg=1000 func="BalanceService/internal/balance/db.db.AddAmount()" file="$s:$d%!(EXTRA string=postgresql.go, int=39)"
time="2022-11-18T12:06:03+03:00" level=info msg=123 func="main.main()" file="$s:$d%!(EXTRA string=server.go, int=15)"
time="2022-11-18T12:06:03+03:00" level=info msg="read application configuration" func="BalanceService/internal/config.GetConfig.func1()" file="$s:$d%!(EXTRA string=config.go, int=27)"
time="2022-11-18T12:06:06+03:00" level=info msg=1000 func="BalanceService/internal/balance/db.db.AddAmount()" file="$s:$d%!(EXTRA string=postgresql.go, int=39)"
time="2022-11-18T12:06:08+03:00" level=info msg=1000 func="BalanceService/internal/balance/db.db.AddAmount()" file="$s:$d%!(EXTRA string=postgresql.go, int=39)"
time="2022-11-18T12:07:36+03:00" level=info msg=123 func="BalanceService/internal/balance/db.db.AddAmount()" file="$s:$d%!(EXTRA string=postgresql.go, int=39)"
time="2022-11-18T12:07:38+03:00" level=info msg=123 func="BalanceService/internal/balance/db.db.AddAmount()" file="$s:$d%!(EXTRA string=postgresql.go, int=39)"
time="2022-11-18T12:08:36+03:00" level=info msg=123 func="main.main()" file="$s:$d%!(EXTRA string=server.go, int=15)"
time="2022-11-18T12:08:36+03:00" level=info msg="read application configuration" func="BalanceService/internal/config.GetConfig.func1()" file="$s:$d%!(EXTRA string=config.go, int=27)"
time="2022-11-18T12:08:47+03:00" level=info msg=1000 func="BalanceService/internal/balance/db.db.AddAmount()" file="$s:$d%!(EXTRA string=postgresql.go, int=39)"
time="2022-11-18T12:23:29+03:00" level=info msg=123 func="main.main()" file="$s:$d%!(EXTRA string=server.go, int=15)"
time="2022-11-18T12:23:29+03:00" level=info msg="read application configuration" func="BalanceService/internal/config.GetConfig.func1()" file="$s:$d%!(EXTRA string=config.go, int=27)"
time="2022-11-18T12:25:03+03:00" level=info msg=123 func="main.main()" file="$s:$d%!(EXTRA string=server.go, int=15)"
time="2022-11-18T12:25:03+03:00" level=info msg="read application configuration" func="BalanceService/internal/config.GetConfig.func1()" file="$s:$d%!(EXTRA string=config.go, int=27)"
time="2022-11-18T12:25:07+03:00" level=error msg="SQL Error: duplicate key value violates unique constraint \"balances_user_id_key\", Detail: Key (user_id)=(12) already exists., Where: , Code: 23505" func="BalanceService/internal/balance/db.db.CreateUserBalance()" file="$s:$d%!(EXTRA string=postgresql.go, int=66)"
time="2022-11-18T12:25:07+03:00" level=fatal msg="SQL Error: duplicate key value violates unique constraint \"balances_user_id_key\", Detail: Key (user_id)=(12) already exists., Where: , Code: 23505" func="BalanceService/internal/balance.(*Service).AddAmount()" file="$s:$d%!(EXTRA string=service.go, int=37)"
time="2022-11-18T12:26:16+03:00" level=info msg=123 func="main.main()" file="$s:$d%!(EXTRA string=server.go, int=15)"
time="2022-11-18T12:26:16+03:00" level=info msg="read application configuration" func="BalanceService/internal/config.GetConfig.func1()" file="$s:$d%!(EXTRA string=config.go, int=27)"
time="2022-11-18T12:27:16+03:00" level=info msg=123 func="main.main()" file="$s:$d%!(EXTRA string=server.go, int=15)"
time="2022-11-18T12:27:16+03:00" level=info msg="read application configuration" func="BalanceService/internal/config.GetConfig.func1()" file="$s:$d%!(EXTRA string=config.go, int=27)"
time="2022-11-18T12:27:21+03:00" level=info msg=12 func="BalanceService/internal/balance/db.db.GetUserBalance()" file="$s:$d%!(EXTRA string=postgresql.go, int=75)"
time="2022-11-18T12:29:08+03:00" level=info msg=123 func="main.main()" file="$s:$d%!(EXTRA string=server.go, int=15)"
time="2022-11-18T12:29:08+03:00" level=info msg="read application configuration" func="BalanceService/internal/config.GetConfig.func1()" file="$s:$d%!(EXTRA string=config.go, int=27)"
time="2022-11-18T12:31:15+03:00" level=info msg=123 func="main.main()" file="$s:$d%!(EXTRA string=server.go, int=15)"
time="2022-11-18T12:31:15+03:00" level=info msg="read application configuration" func="BalanceService/internal/config.GetConfig.func1()" file="$s:$d%!(EXTRA string=config.go, int=27)"
time="2022-11-18T12:33:50+03:00" level=info msg=123 func="main.main()" file="$s:$d%!(EXTRA string=server.go, int=15)"
time="2022-11-18T12:33:50+03:00" level=info msg="read application configuration" func="BalanceService/internal/config.GetConfig.func1()" file="$s:$d%!(EXTRA string=config.go, int=27)"
time="2022-11-18T12:33:57+03:00" level=error msg="SQL Error: syntax error at or near \"RETURNING\", Detail: , Where: , Code: 42601" func="BalanceService/internal/balance/db.db.GetUserBalance()" file="$s:$d%!(EXTRA string=postgresql.go, int=82)"
time="2022-11-18T12:33:57+03:00" level=fatal msg="SQL Error: syntax error at or near \"RETURNING\", Detail: , Where: , Code: 42601" func="BalanceService/internal/balance.(*Service).AddAmount()" file="$s:$d%!(EXTRA string=service.go, int=23)"
time="2022-11-18T12:34:19+03:00" level=info msg=123 func="main.main()" file="$s:$d%!(EXTRA string=server.go, int=15)"
time="2022-11-18T12:34:19+03:00" level=info msg="read application configuration" func="BalanceService/internal/config.GetConfig.func1()" file="$s:$d%!(EXTRA string=config.go, int=27)"
time="2022-11-18T12:34:23+03:00" level=error msg="SQL Error: syntax error at or near \"RETURNING\", Detail: , Where: , Code: 42601" func="BalanceService/internal/balance/db.db.GetUserBalance()" file="$s:$d%!(EXTRA string=postgresql.go, int=82)"
time="2022-11-18T12:34:23+03:00" level=fatal msg="SQL Error: syntax error at or near \"RETURNING\", Detail: , Where: , Code: 42601" func="BalanceService/internal/balance.(*Service).AddAmount()" file="$s:$d%!(EXTRA string=service.go, int=23)"
time="2022-11-18T12:34:50+03:00" level=info msg=123 func="main.main()" file="$s:$d%!(EXTRA string=server.go, int=15)"
time="2022-11-18T12:34:50+03:00" level=info msg="read application configuration" func="BalanceService/internal/config.GetConfig.func1()" file="$s:$d%!(EXTRA string=config.go, int=27)"
time="2022-11-18T12:39:06+03:00" level=info msg=123 func="main.main()" file="$s:$d%!(EXTRA string=server.go, int=15)"
time="2022-11-18T12:39:06+03:00" level=info msg="read application configuration" func="BalanceService/internal/config.GetConfig.func1()" file="$s:$d%!(EXTRA string=config.go, int=27)"
time="2022-11-18T12:39:38+03:00" level=info msg=123 func="main.main()" file="$s:$d%!(EXTRA string=server.go, int=15)"
time="2022-11-18T12:39:38+03:00" level=info msg="read application configuration" func="BalanceService/internal/config.GetConfig.func1()" file="$s:$d%!(EXTRA string=config.go, int=27)"
time="2022-11-18T12:39:40+03:00" level=info msg=2000 func="BalanceService/internal/balance/db.db.AddAmount()" file="$s:$d%!(EXTRA string=postgresql.go, int=39)"
time="2022-11-18T12:39:42+03:00" level=info msg=2000 func="BalanceService/internal/balance/db.db.AddAmount()" file="$s:$d%!(EXTRA string=postgresql.go, int=39)"
time="2022-11-18T12:39:45+03:00" level=info msg=2000 func="BalanceService/internal/balance/db.db.AddAmount()" file="$s:$d%!(EXTRA string=postgresql.go, int=39)"
time="2022-11-18T12:39:57+03:00" level=info msg=2000 func="BalanceService/internal/balance/db.db.AddAmount()" file="$s:$d%!(EXTRA string=postgresql.go, int=39)"
time="2022-11-18T12:39:58+03:00" level=info msg=2000 func="BalanceService/internal/balance/db.db.AddAmount()" file="$s:$d%!(EXTRA string=postgresql.go, int=39)"
time="2022-11-18T12:40:05+03:00" level=info msg=3000 func="BalanceService/internal/balance/db.db.AddAmount()" file="$s:$d%!(EXTRA string=postgresql.go, int=39)"
time="2022-11-18T12:40:07+03:00" level=info msg=3000 func="BalanceService/internal/balance/db.db.AddAmount()" file="$s:$d%!(EXTRA string=postgresql.go, int=39)"
time="2022-11-18T12:41:11+03:00" level=info msg=2000 func="BalanceService/internal/balance/db.db.AddAmount()" file="$s:$d%!(EXTRA string=postgresql.go, int=39)"
time="2022-11-18T12:41:17+03:00" level=info msg=2000 func="BalanceService/internal/balance/db.db.AddAmount()" file="$s:$d%!(EXTRA string=postgresql.go, int=39)"
time="2022-11-18T12:41:18+03:00" level=info msg=2000 func="BalanceService/internal/balance/db.db.AddAmount()" file="$s:$d%!(EXTRA string=postgresql.go, int=39)"
time="2022-11-18T12:41:19+03:00" level=info msg=2000 func="BalanceService/internal/balance/db.db.AddAmount()" file="$s:$d%!(EXTRA string=postgresql.go, int=39)"
time="2022-11-18T12:41:20+03:00" level=info msg=2000 func="BalanceService/internal/balance/db.db.AddAmount()" file="$s:$d%!(EXTRA string=postgresql.go, int=39)"
time="2022-11-18T12:41:21+03:00" level=info msg=2000 func="BalanceService/internal/balance/db.db.AddAmount()" file="$s:$d%!(EXTRA string=postgresql.go, int=39)"
time="2022-11-18T12:41:21+03:00" level=info msg=2000 func="BalanceService/internal/balance/db.db.AddAmount()" file="$s:$d%!(EXTRA string=postgresql.go, int=39)"
time="2022-11-18T12:42:30+03:00" level=info msg=2000 func="BalanceService/internal/balance/db.db.AddAmount()" file="$s:$d%!(EXTRA string=postgresql.go, int=39)"
time="2022-11-18T12:42:37+03:00" level=info msg=2000 func="BalanceService/internal/balance/db.db.AddAmount()" file="$s:$d%!(EXTRA string=postgresql.go, int=39)"
time="2022-11-18T12:43:36+03:00" level=info msg=123 func="main.main()" file="$s:$d%!(EXTRA string=server.go, int=15)"
time="2022-11-18T12:43:36+03:00" level=info msg="read application configuration" func="BalanceService/internal/config.GetConfig.func1()" file="$s:$d%!(EXTRA string=config.go, int=27)"
time="2022-11-18T12:43:41+03:00" level=info msg=1000 func="BalanceService/internal/balance.(*Service).AddAmount()" file="$s:$d%!(EXTRA string=service.go, int=22)"
time="2022-11-18T12:43:41+03:00" level=info msg=2000 func="BalanceService/internal/balance/db.db.AddAmount()" file="$s:$d%!(EXTRA string=postgresql.go, int=39)"
time="2022-11-18T12:44:06+03:00" level=info msg=1000 func="BalanceService/internal/balance.(*Service).AddAmount()" file="$s:$d%!(EXTRA string=service.go, int=22)"
time="2022-11-18T12:44:06+03:00" level=info msg=2000 func="BalanceService/internal/balance/db.db.AddAmount()" file="$s:$d%!(EXTRA string=postgresql.go, int=39)"
time="2022-11-18T12:47:49+03:00" level=info msg=1000 func="BalanceService/internal/balance.(*Service).AddAmount()" file="$s:$d%!(EXTRA string=service.go, int=22)"
time="2022-11-18T12:47:49+03:00" level=info msg=2000 func="BalanceService/internal/balance/db.db.AddAmount()" file="$s:$d%!(EXTRA string=postgresql.go, int=39)"
time="2022-11-18T12:49:45+03:00" level=info msg=123 func="main.main()" file="$s:$d%!(EXTRA string=server.go, int=15)"
time="2022-11-18T12:49:45+03:00" level=info msg="read application configuration" func="BalanceService/internal/config.GetConfig.func1()" file="$s:$d%!(EXTRA string=config.go, int=27)"
time="2022-11-18T12:49:49+03:00" level=info msg=1000 func="BalanceService/internal/balance.(*Service).AddAmount()" file="$s:$d%!(EXTRA string=service.go, int=22)"
time="2022-11-18T12:49:49+03:00" level=info msg=2000 func="BalanceService/internal/balance/db.db.AddAmount()" file="$s:$d%!(EXTRA string=postgresql.go, int=39)"
time="2022-11-18T12:49:50+03:00" level=info msg=2000 func="BalanceService/internal/balance.(*Service).AddAmount()" file="$s:$d%!(EXTRA string=service.go, int=22)"
time="2022-11-18T12:49:50+03:00" level=info msg=3000 func="BalanceService/internal/balance/db.db.AddAmount()" file="$s:$d%!(EXTRA string=postgresql.go, int=39)"
time="2022-11-18T12:49:52+03:00" level=info msg=3000 func="BalanceService/internal/balance.(*Service).AddAmount()" file="$s:$d%!(EXTRA string=service.go, int=22)"
time="2022-11-18T12:49:52+03:00" level=info msg=4000 func="BalanceService/internal/balance/db.db.AddAmount()" file="$s:$d%!(EXTRA string=postgresql.go, int=39)"
time="2022-11-18T12:49:53+03:00" level=info msg=4000 func="BalanceService/internal/balance.(*Service).AddAmount()" file="$s:$d%!(EXTRA string=service.go, int=22)"
time="2022-11-18T12:49:53+03:00" level=info msg=5000 func="BalanceService/internal/balance/db.db.AddAmount()" file="$s:$d%!(EXTRA string=postgresql.go, int=39)"
time="2022-11-18T12:50:04+03:00" level=info msg=5000 func="BalanceService/internal/balance.(*Service).AddAmount()" file="$s:$d%!(EXTRA string=service.go, int=22)"
time="2022-11-18T12:50:04+03:00" level=info msg=6000 func="BalanceService/internal/balance/db.db.AddAmount()" file="$s:$d%!(EXTRA string=postgresql.go, int=39)"
time="2022-11-18T12:50:32+03:00" level=info msg=0 func="BalanceService/internal/balance.(*Service).AddAmount()" file="$s:$d%!(EXTRA string=service.go, int=22)"
time="2022-11-18T12:54:01+03:00" level=info msg=1000 func="BalanceService/internal/balance.(*Service).AddAmount()" file="$s:$d%!(EXTRA string=service.go, int=22)"
time="2022-11-18T12:54:01+03:00" level=info msg=0 func="BalanceService/internal/balance/db.db.AddAmount()" file="$s:$d%!(EXTRA string=postgresql.go, int=39)"
time="2022-11-18T12:54:13+03:00" level=info msg=0 func="BalanceService/internal/balance.(*Service).AddAmount()" file="$s:$d%!(EXTRA string=service.go, int=22)"
time="2022-11-18T12:54:13+03:00" level=info msg=1000 func="BalanceService/internal/balance/db.db.AddAmount()" file="$s:$d%!(EXTRA string=postgresql.go, int=39)"
time="2022-11-18T12:56:10+03:00" level=info msg=123 func="main.main()" file="$s:$d%!(EXTRA string=server.go, int=15)"
time="2022-11-18T12:56:10+03:00" level=info msg="read application configuration" func="BalanceService/internal/config.GetConfig.func1()" file="$s:$d%!(EXTRA string=config.go, int=27)"
time="2022-11-18T12:56:15+03:00" level=info msg=1000 func="BalanceService/internal/balance.(*Service).AddAmount()" file="$s:$d%!(EXTRA string=service.go, int=22)"
time="2022-11-18T12:56:15+03:00" level=info msg=2000 func="BalanceService/internal/balance/db.db.AddAmount()" file="$s:$d%!(EXTRA string=postgresql.go, int=39)"
time="2022-11-18T12:56:43+03:00" level=info msg=2000 func="BalanceService/internal/balance.(*Service).AddAmount()" file="$s:$d%!(EXTRA string=service.go, int=22)"
time="2022-11-18T12:56:43+03:00" level=info msg=3000 func="BalanceService/internal/balance/db.db.AddAmount()" file="$s:$d%!(EXTRA string=postgresql.go, int=39)"
time="2022-11-18T12:56:50+03:00" level=info msg=3000 func="BalanceService/internal/balance.(*Service).AddAmount()" file="$s:$d%!(EXTRA string=service.go, int=22)"
time="2022-11-18T12:56:50+03:00" level=info msg=3123 func="BalanceService/internal/balance/db.db.AddAmount()" file="$s:$d%!(EXTRA string=postgresql.go, int=39)"
time="2022-11-18T13:47:00+03:00" level=info msg=123 func="main.main()" file="$s:$d%!(EXTRA string=server.go, int=15)"
time="2022-11-18T13:47:00+03:00" level=info msg="read application configuration" func="BalanceService/internal/config.GetConfig.func1()" file="$s:$d%!(EXTRA string=config.go, int=27)"
time="2022-11-18T13:47:09+03:00" level=info msg=3123 func="BalanceService/internal/balance.(*Service).AddAmount()" file="$s:$d%!(EXTRA string=service.go, int=23)"
time="2022-11-18T13:47:09+03:00" level=info msg=3246 func="BalanceService/internal/balance/db.db.AddAmount()" file="$s:$d%!(EXTRA string=postgresql.go, int=68)"
time="2022-11-18T13:54:05+03:00" level=info msg=123 func="main.main()" file="$s:$d%!(EXTRA string=server.go, int=15)"
time="2022-11-18T13:54:05+03:00" level=info msg="read application configuration" func="BalanceService/internal/config.GetConfig.func1()" file="$s:$d%!(EXTRA string=config.go, int=27)"
time="2022-11-18T13:54:16+03:00" level=info msg=3246 func="BalanceService/internal/balance.(*Service).AddAmount()" file="$s:$d%!(EXTRA string=service.go, int=23)"
time="2022-11-18T13:54:16+03:00" level=info msg=3346 func="BalanceService/internal/balance/db.db.AddAmount()" file="$s:$d%!(EXTRA string=postgresql.go, int=68)"
time="2022-11-18T13:56:21+03:00" level=info msg=123 func="main.main()" file="$s:$d%!(EXTRA string=server.go, int=15)"
time="2022-11-18T13:56:21+03:00" level=info msg="read application configuration" func="BalanceService/internal/config.GetConfig.func1()" file="$s:$d%!(EXTRA string=config.go, int=27)"
time="2022-11-18T13:56:24+03:00" level=info msg=3346 func="BalanceService/internal/balance.(*Service).AddAmount()" file="$s:$d%!(EXTRA string=service.go, int=23)"
time="2022-11-18T13:56:24+03:00" level=info msg=3446 func="BalanceService/internal/balance/db.db.AddAmount()" file="$s:$d%!(EXTRA string=postgresql.go, int=68)"
time="2022-11-18T14:36:25+03:00" level=info msg=123 func="main.main()" file="$s:$d%!(EXTRA string=server.go, int=15)"
time="2022-11-18T14:36:25+03:00" level=info msg="read application configuration" func="BalanceService/internal/config.GetConfig.func1()" file="$s:$d%!(EXTRA string=config.go, int=27)"
time="2022-11-18T14:37:59+03:00" level=info msg=yyyy-mm-dd func="BalanceService/internal/balance.(*Service).MakeReservation()" file="$s:$d%!(EXTRA string=service.go, int=59)"
time="2022-11-18T14:39:00+03:00" level=info msg=123 func="main.main()" file="$s:$d%!(EXTRA string=server.go, int=15)"
time="2022-11-18T14:39:00+03:00" level=info msg="read application configuration" func="BalanceService/internal/config.GetConfig.func1()" file="$s:$d%!(EXTRA string=config.go, int=27)"
time="2022-11-18T14:39:03+03:00" level=info msg="2022-11-18 14:39:03.711643166 +0300 +03 m=+2.765805593" func="BalanceService/internal/balance.(*Service).MakeReservation()" file="$s:$d%!(EXTRA string=service.go, int=59)"
time="2022-11-18T14:40:44+03:00" level=info msg=123 func="main.main()" file="$s:$d%!(EXTRA string=server.go, int=15)"
time="2022-11-18T14:40:44+03:00" level=info msg="read application configuration" func="BalanceService/internal/config.GetConfig.func1()" file="$s:$d%!(EXTRA string=config.go, int=27)"
time="2022-11-18T14:40:49+03:00" level=info msg=2022-11-18 func="BalanceService/internal/balance.(*Service).MakeReservation()" file="$s:$d%!(EXTRA string=service.go, int=59)"
time="2022-11-18T14:41:18+03:00" level=info msg=123 func="main.main()" file="$s:$d%!(EXTRA string=server.go, int=15)"
time="2022-11-18T14:41:18+03:00" level=info msg="read application configuration" func="BalanceService/internal/config.GetConfig.func1()" file="$s:$d%!(EXTRA string=config.go, int=27)"
time="2022-11-18T14:41:24+03:00" level=info msg="2022-11-18 14:410" func="BalanceService/internal/balance.(*Service).MakeReservation()" file="$s:$d%!(EXTRA string=service.go, int=59)"
time="2022-11-18T14:41:40+03:00" level=info msg=123 func="main.main()" file="$s:$d%!(EXTRA string=server.go, int=15)"
time="2022-11-18T14:41:40+03:00" level=info msg="read application configuration" func="BalanceService/internal/config.GetConfig.func1()" file="$s:$d%!(EXTRA string=config.go, int=27)"
time="2022-11-18T14:41:43+03:00" level=info msg="2022-11-18 14:4118" func="BalanceService/internal/balance.(*Service).MakeReservation()" file="$s:$d%!(EXTRA string=service.go, int=59)"
time="2022-11-18T14:43:04+03:00" level=info msg=123 func="main.main()" file="$s:$d%!(EXTRA string=server.go, int=15)"
time="2022-11-18T14:43:04+03:00" level=info msg="read application configuration" func="BalanceService/internal/config.GetConfig.func1()" file="$s:$d%!(EXTRA string=config.go, int=27)"
time="2022-11-18T14:43:09+03:00" level=info msg="2022-11-18 14:43" func="BalanceService/internal/balance.(*Service).MakeReservation()" file="$s:$d%!(EXTRA string=service.go, int=59)"
time="2022-11-18T15:00:12+03:00" level=info msg=123 func="main.main()" file="$s:$d%!(EXTRA string=server.go, int=15)"
time="2022-11-18T15:00:12+03:00" level=info msg="read application configuration" func="BalanceService/internal/config.GetConfig.func1()" file="$s:$d%!(EXTRA string=config.go, int=27)"
time="2022-11-18T15:01:36+03:00" level=info msg=123 func="main.main()" file="$s:$d%!(EXTRA string=server.go, int=15)"
time="2022-11-18T15:01:36+03:00" level=info msg="read application configuration" func="BalanceService/internal/config.GetConfig.func1()" file="$s:$d%!(EXTRA string=config.go, int=27)"
time="2022-11-18T15:02:26+03:00" level=info msg=123 func="main.main()" file="$s:$d%!(EXTRA string=server.go, int=15)"
time="2022-11-18T15:02:26+03:00" level=info msg="read application configuration" func="BalanceService/internal/config.GetConfig.func1()" file="$s:$d%!(EXTRA string=config.go, int=27)"
time="2022-11-18T15:31:45+03:00" level=info msg=123 func="main.main()" file="$s:$d%!(EXTRA string=server.go, int=15)"
time="2022-11-18T15:31:45+03:00" level=info msg="read application configuration" func="BalanceService/internal/config.GetConfig.func1()" file="$s:$d%!(EXTRA string=config.go, int=27)"
time="2022-11-18T15:35:52+03:00" level=error msg="SQL Error: column \"balance_id\" of relation \"reservation_status\" does not exist, Detail: , Where: , Code: 42703" func="BalanceService/internal/balance/db.db.Reservation()" file="$s:$d%!(EXTRA string=postgresql.go, int=55)"
time="2022-11-18T15:35:52+03:00" level=fatal msg="SQL Error: column \"balance_id\" of relation \"reservation_status\" does not exist, Detail: , Where: , Code: 42703" func="BalanceService/internal/balance.(*Service).MakeReservation()" file="$s:$d%!(EXTRA string=service.go, int=82)"
time="2022-11-18T15:38:12+03:00" level=info msg=123 func="main.main()" file="$s:$d%!(EXTRA string=server.go, int=15)"
time="2022-11-18T15:38:12+03:00" level=info msg="read application configuration" func="BalanceService/internal/config.GetConfig.func1()" file="$s:$d%!(EXTRA string=config.go, int=27)"
time="2022-11-18T15:38:16+03:00" level=error msg="SQL Error: insert or update on table \"reservation_status\" violates foreign key constraint \"reservation_status_reservation_id_fkey\", Detail: Key (reservation_id)=(0) is not present in table \"reservation\"., Where: , Code: 23503" func="BalanceService/internal/balance/db.db.Reservation()" file="$s:$d%!(EXTRA string=postgresql.go, int=55)"
time="2022-11-18T15:38:16+03:00" level=fatal msg="SQL Error: insert or update on table \"reservation_status\" violates foreign key constraint \"reservation_status_reservation_id_fkey\", Detail: Key (reservation_id)=(0) is not present in table \"reservation\"., Where: , Code: 23503" func="BalanceService/internal/balance.(*Service).MakeReservation()" file="$s:$d%!(EXTRA string=service.go, int=82)"
time="2022-11-18T15:40:56+03:00" level=info msg=123 func="main.main()" file="$s:$d%!(EXTRA string=server.go, int=15)"
time="2022-11-18T15:40:56+03:00" level=info msg="read application configuration" func="BalanceService/internal/config.GetConfig.func1()" file="$s:$d%!(EXTRA string=config.go, int=27)"
time="2022-11-18T15:42:39+03:00" level=info msg=123 func="main.main()" file="$s:$d%!(EXTRA string=server.go, int=15)"
time="2022-11-18T15:42:39+03:00" level=info msg="read application configuration" func="BalanceService/internal/config.GetConfig.func1()" file="$s:$d%!(EXTRA string=config.go, int=27)"
time="2022-11-18T15:42:43+03:00" level=error msg="SQL Error: insert or update on table \"reservation_status\" violates foreign key constraint \"reservation_status_reservation_id_fkey\", Detail: Key (reservation_id)=(0) is not present in table \"reservation\"., Where: , Code: 23503" func="BalanceService/internal/balance/db.db.Reservation()" file="$s:$d%!(EXTRA string=postgresql.go, int=56)"
time="2022-11-18T15:42:43+03:00" level=fatal msg="SQL Error: insert or update on table \"reservation_status\" violates foreign key constraint \"reservation_status_reservation_id_fkey\", Detail: Key (reservation_id)=(0) is not present in table \"reservation\"., Where: , Code: 23503" func="BalanceService/internal/balance.(*Service).MakeReservation()" file="$s:$d%!(EXTRA string=service.go, int=82)"
time="2022-11-18T15:43:02+03:00" level=info msg=123 func="main.main()" file="$s:$d%!(EXTRA string=server.go, int=15)"
time="2022-11-18T15:43:02+03:00" level=info msg="read application configuration" func="BalanceService/internal/config.GetConfig.func1()" file="$s:$d%!(EXTRA string=config.go, int=27)"
time="2022-11-18T15:43:45+03:00" level=info msg=123 func="main.main()" file="$s:$d%!(EXTRA string=server.go, int=15)"
time="2022-11-18T15:43:45+03:00" level=info msg="read application configuration" func="BalanceService/internal/config.GetConfig.func1()" file="$s:$d%!(EXTRA string=config.go, int=27)"
time="2022-11-18T15:43:48+03:00" level=error msg="SQL Error: insert or update on table \"reservation_status\" violates foreign key constraint \"reservation_status_reservation_id_fkey\", Detail: Key (reservation_id)=(0) is not present in table \"reservation\"., Where: , Code: 23503" func="BalanceService/internal/balance/db.db.Reservation()" file="$s:$d%!(EXTRA string=postgresql.go, int=56)"
time="2022-11-18T15:43:48+03:00" level=fatal msg="SQL Error: insert or update on table \"reservation_status\" violates foreign key constraint \"reservation_status_reservation_id_fkey\", Detail: Key (reservation_id)=(0) is not present in table \"reservation\"., Where: , Code: 23503" func="BalanceService/internal/balance.(*Service).MakeReservation()" file="$s:$d%!(EXTRA string=service.go, int=82)"
time="2022-11-18T15:46:47+03:00" level=info msg=123 func="main.main()" file="$s:$d%!(EXTRA string=server.go, int=15)"
time="2022-11-18T15:46:47+03:00" level=info msg="read application configuration" func="BalanceService/internal/config.GetConfig.func1()" file="$s:$d%!(EXTRA string=config.go, int=27)"
time="2022-11-18T15:46:50+03:00" level=info msg="UserID: 1, ServiceID: 4, OrderID: 5, Amount: 200" func="BalanceService/internal/balance/db.db.Reservation()" file="$s:$d%!(EXTRA string=postgresql.go, int=35)"
time="2022-11-18T15:46:50+03:00" level=error msg="SQL Error: insert or update on table \"reservation_status\" violates foreign key constraint \"reservation_status_reservation_id_fkey\", Detail: Key (reservation_id)=(0) is not present in table \"reservation\"., Where: , Code: 23503" func="BalanceService/internal/balance/db.db.Reservation()" file="$s:$d%!(EXTRA string=postgresql.go, int=56)"
time="2022-11-18T15:46:50+03:00" level=fatal msg="SQL Error: insert or update on table \"reservation_status\" violates foreign key constraint \"reservation_status_reservation_id_fkey\", Detail: Key (reservation_id)=(0) is not present in table \"reservation\"., Where: , Code: 23503" func="BalanceService/internal/balance.(*Service).MakeReservation()" file="$s:$d%!(EXTRA string=service.go, int=82)"
time="2022-11-18T15:47:30+03:00" level=info msg=123 func="main.main()" file="$s:$d%!(EXTRA string=server.go, int=15)"
time="2022-11-18T15:47:30+03:00" level=info msg="read application configuration" func="BalanceService/internal/config.GetConfig.func1()" file="$s:$d%!(EXTRA string=config.go, int=27)"
time="2022-11-18T15:47:33+03:00" level=info msg="UserID: 1, ServiceID: 4, OrderID: 5, Amount: 200" func="BalanceService/internal/balance/db.db.Reservation()" file="$s:$d%!(EXTRA string=postgresql.go, int=35)"
time="2022-11-18T16:52:21+03:00" level=info msg=123 func="main.main()" file="$s:$d%!(EXTRA string=server.go, int=15)"
time="2022-11-18T16:52:21+03:00" level=info msg="read application configuration" func="BalanceService/internal/config.GetConfig.func1()" file="$s:$d%!(EXTRA string=config.go, int=27)"
time="2022-11-18T16:52:56+03:00" level=info msg=123 func="main.main()" file="$s:$d%!(EXTRA string=server.go, int=15)"
time="2022-11-18T16:52:56+03:00" level=info msg="read application configuration" func="BalanceService/internal/config.GetConfig.func1()" file="$s:$d%!(EXTRA string=config.go, int=27)"
time="2022-11-18T17:03:05+03:00" level=info msg=123 func="main.main()" file="$s:$d%!(EXTRA string=server.go, int=15)"
time="2022-11-18T17:03:05+03:00" level=info msg="read application configuration" func="BalanceService/internal/config.GetConfig.func1()" file="$s:$d%!(EXTRA string=config.go, int=27)"
time="2022-11-18T17:03:56+03:00" level=info func="BalanceService/internal/balance.(*handler).GetUserBalance()" file="$s:$d%!(EXTRA string=handler.go, int=53)"
time="2022-11-18T17:04:57+03:00" level=info msg=123 func="main.main()" file="$s:$d%!(EXTRA string=server.go, int=15)"
time="2022-11-18T17:04:57+03:00" level=info msg="read application configuration" func="BalanceService/internal/config.GetConfig.func1()" file="$s:$d%!(EXTRA string=config.go, int=27)"
time="2022-11-18T17:05:00+03:00" level=info func="BalanceService/internal/balance.(*handler).GetUserBalance()" file="$s:$d%!(EXTRA string=handler.go, int=53)"
time="2022-11-18T17:08:22+03:00" level=info msg=123 func="main.main()" file="$s:$d%!(EXTRA string=server.go, int=15)"
time="2022-11-18T17:08:22+03:00" level=info msg="read application configuration" func="BalanceService/internal/config.GetConfig.func1()" file="$s:$d%!(EXTRA string=config.go, int=27)"
time="2022-11-18T17:08:26+03:00" level=info msg=/balance/user/1 func="BalanceService/internal/balance.(*handler).GetUserBalance()" file="$s:$d%!(EXTRA string=handler.go, int=53)"
time="2022-11-18T17:09:25+03:00" level=info msg=123 func="main.main()" file="$s:$d%!(EXTRA string=server.go, int=15)"
time="2022-11-18T17:09:25+03:00" level=info msg="read application configuration" func="BalanceService/internal/config.GetConfig.func1()" file="$s:$d%!(EXTRA string=config.go, int=27)"
time="2022-11-18T17:09:28+03:00" level=info func="BalanceService/internal/balance.(*handler).GetUserBalance()" file="$s:$d%!(EXTRA string=handler.go, int=53)"
time="2022-11-18T17:13:01+03:00" level=info msg=123 func="main.main()" file="$s:$d%!(EXTRA string=server.go, int=15)"
time="2022-11-18T17:13:01+03:00" level=info msg="read application configuration" func="BalanceService/internal/config.GetConfig.func1()" file="$s:$d%!(EXTRA string=config.go, int=27)"
time="2022-11-18T17:13:12+03:00" level=info func="BalanceService/internal/balance.(*handler).GetUserBalance()" file="$s:$d%!(EXTRA string=handler.go, int=52)"
time="2022-11-18T17:13:38+03:00" level=info func="BalanceService/internal/balance.(*handler).GetUserBalance()" file="$s:$d%!(EXTRA string=handler.go, int=52)"
time="2022-11-18T17:14:26+03:00" level=info msg=123 func="main.main()" file="$s:$d%!(EXTRA string=server.go, int=15)"
time="2022-11-18T17:14:26+03:00" level=info msg="read application configuration" func="BalanceService/internal/config.GetConfig.func1()" file="$s:$d%!(EXTRA string=config.go, int=27)"
time="2022-11-18T17:14:35+03:00" level=info func="BalanceService/internal/balance.(*handler).GetUserBalance()" file="$s:$d%!(EXTRA string=handler.go, int=52)"
time="2022-11-18T17:15:15+03:00" level=info msg=123 func="main.main()" file="$s:$d%!(EXTRA string=server.go, int=15)"
time="2022-11-18T17:15:15+03:00" level=info msg="read application configuration" func="BalanceService/internal/config.GetConfig.func1()" file="$s:$d%!(EXTRA string=config.go, int=27)"
time="2022-11-18T17:17:46+03:00" level=info msg=123 func="main.main()" file="$s:$d%!(EXTRA string=server.go, int=15)"
time="2022-11-18T17:17:46+03:00" level=info msg="read application configuration" func="BalanceService/internal/config.GetConfig.func1()" file="$s:$d%!(EXTRA string=config.go, int=27)"
time="2022-11-18T17:17:58+03:00" level=info msg=1 func="BalanceService/internal/balance.(*handler).GetUserBalance()" file="$s:$d%!(EXTRA string=handler.go, int=52)"
time="2022-11-18T17:25:08+03:00" level=info msg=123 func="main.main()" file="$s:$d%!(EXTRA string=server.go, int=15)"
time="2022-11-18T17:25:08+03:00" level=info msg="read application configuration" func="BalanceService/internal/config.GetConfig.func1()" file="$s:$d%!(EXTRA string=config.go, int=27)"
time="2022-11-18T17:26:09+03:00" level=info msg=123 func="main.main()" file="$s:$d%!(EXTRA string=server.go, int=15)"
time="2022-11-18T17:26:09+03:00" level=info msg="read application configuration" func="BalanceService/internal/config.GetConfig.func1()" file="$s:$d%!(EXTRA string=config.go, int=27)"
time="2022-11-18T17:27:03+03:00" level=info msg=123 func="main.main()" file="$s:$d%!(EXTRA string=server.go, int=15)"
time="2022-11-18T17:27:03+03:00" level=info msg="read application configuration" func="BalanceService/internal/config.GetConfig.func1()" file="$s:$d%!(EXTRA string=config.go, int=27)"
time="2022-11-18T17:27:05+03:00" level=info msg=0 func="BalanceService/internal/balance.(*handler).GetUserBalance()" file="$s:$d%!(EXTRA string=handler.go, int=55)"
time="2022-11-18T17:27:17+03:00" level=info msg=0 func="BalanceService/internal/balance.(*handler).GetUserBalance()" file="$s:$d%!(EXTRA string=handler.go, int=55)"
time="2022-11-18T17:29:50+03:00" level=info msg=123 func="main.main()" file="$s:$d%!(EXTRA string=server.go, int=15)"
time="2022-11-18T17:29:50+03:00" level=info msg="read application configuration" func="BalanceService/internal/config.GetConfig.func1()" file="$s:$d%!(EXTRA string=config.go, int=27)"
time="2022-11-18T17:29:55+03:00" level=fatal msg=12 func="BalanceService/internal/balance.(*handler).GetUserBalance()" file="$s:$d%!(EXTRA string=handler.go, int=53)"
time="2022-11-18T17:42:40+03:00" level=info msg=123 func="main.main()" file="$s:$d%!(EXTRA string=server.go, int=15)"
time="2022-11-18T17:42:40+03:00" level=info msg="read application configuration" func="BalanceService/internal/config.GetConfig.func1()" file="$s:$d%!(EXTRA string=config.go, int=27)"
time="2022-11-18T17:42:45+03:00" level=info msg=0 func="BalanceService/internal/balance.(*handler).GetUserBalance()" file="$s:$d%!(EXTRA string=handler.go, int=56)"
time="2022-11-18T17:42:45+03:00" level=info msg=0 func="BalanceService/internal/balance.(*handler).GetUserBalance()" file="$s:$d%!(EXTRA string=handler.go, int=61)"
time="2022-11-18T17:43:18+03:00" level=info msg=123 func="main.main()" file="$s:$d%!(EXTRA string=server.go, int=15)"
time="2022-11-18T17:43:18+03:00" level=info msg="read application configuration" func="BalanceService/internal/config.GetConfig.func1()" file="$s:$d%!(EXTRA string=config.go, int=27)"
time="2022-11-18T17:43:22+03:00" level=info msg=0 func="BalanceService/internal/balance.(*handler).GetUserBalance()" file="$s:$d%!(EXTRA string=handler.go, int=56)"
time="2022-11-18T17:44:06+03:00" level=info msg=0 func="BalanceService/internal/balance.(*handler).GetUserBalance()" file="$s:$d%!(EXTRA string=handler.go, int=56)"
time="2022-11-18T17:51:44+03:00" level=info msg=123 func="main.main()" file="$s:$d%!(EXTRA string=server.go, int=15)"
time="2022-11-18T17:51:44+03:00" level=info msg="read application configuration" func="BalanceService/internal/config.GetConfig.func1()" file="$s:$d%!(EXTRA string=config.go, int=27)"
time="2022-11-18T17:51:55+03:00" level=info msg=0 func="BalanceService/internal/balance.(*handler).GetUserBalance()" file="$s:$d%!(EXTRA string=handler.go, int=55)"
time="2022-11-18T17:52:39+03:00" level=info msg=123 func="main.main()" file="$s:$d%!(EXTRA string=server.go, int=15)"
time="2022-11-18T17:52:39+03:00" level=info msg="read application configuration" func="BalanceService/internal/config.GetConfig.func1()" file="$s:$d%!(EXTRA string=config.go, int=27)"
time="2022-11-18T17:52:42+03:00" level=info msg="UserID: 0" func="BalanceService/internal/balance.(*handler).GetUserBalance()" file="$s:$d%!(EXTRA string=handler.go, int=55)"
time="2022-11-18T17:53:17+03:00" level=info msg=123 func="main.main()" file="$s:$d%!(EXTRA string=server.go, int=15)"
time="2022-11-18T17:53:17+03:00" level=info msg="read application configuration" func="BalanceService/internal/config.GetConfig.func1()" file="$s:$d%!(EXTRA string=config.go, int=27)"
time="2022-11-18T17:53:21+03:00" level=info msg="UserID: 0" func="BalanceService/internal/balance.(*handler).GetUserBalance()" file="$s:$d%!(EXTRA string=handler.go, int=55)"
time="2022-11-18T17:54:16+03:00" level=info msg=123 func="main.main()" file="$s:$d%!(EXTRA string=server.go, int=15)"
time="2022-11-18T17:54:16+03:00" level=info msg="read application configuration" func="BalanceService/internal/config.GetConfig.func1()" file="$s:$d%!(EXTRA string=config.go, int=27)"
time="2022-11-18T17:54:20+03:00" level=info msg="UserID: 12" func="BalanceService/internal/balance.(*handler).GetUserBalance()" file="$s:$d%!(EXTRA string=handler.go, int=53)"
time="2022-11-18T18:00:12+03:00" level=info msg=123 func="main.main()" file="$s:$d%!(EXTRA string=server.go, int=15)"
time="2022-11-18T18:00:12+03:00" level=info msg="read application configuration" func="BalanceService/internal/config.GetConfig.func1()" file="$s:$d%!(EXTRA string=config.go, int=27)"
time="2022-11-18T18:00:16+03:00" level=info msg=12 func="BalanceService/internal/balance.(*handler).GetUserBalance()" file="$s:$d%!(EXTRA string=handler.go, int=61)"
time="2022-11-18T18:00:33+03:00" level=info msg=123 func="main.main()" file="$s:$d%!(EXTRA string=server.go, int=15)"
time="2022-11-18T18:00:33+03:00" level=info msg="read application configuration" func="BalanceService/internal/config.GetConfig.func1()" file="$s:$d%!(EXTRA string=config.go, int=27)"
time="2022-11-18T18:01:14+03:00" level=info msg=123 func="main.main()" file="$s:$d%!(EXTRA string=server.go, int=15)"
time="2022-11-18T18:01:14+03:00" level=info msg="read application configuration" func="BalanceService/internal/config.GetConfig.func1()" file="$s:$d%!(EXTRA string=config.go, int=27)"
time="2022-11-18T18:01:31+03:00" level=fatal msg="strconv.ParseUint: parsing \"asdasd\": invalid syntax" func="BalanceService/internal/balance.(*handler).GetUserBalance()" file="$s:$d%!(EXTRA string=handler.go, int=56)"
time="2022-11-18T18:03:02+03:00" level=info msg=123 func="main.main()" file="$s:$d%!(EXTRA string=server.go, int=15)"
time="2022-11-18T18:03:02+03:00" level=info msg="read application configuration" func="BalanceService/internal/config.GetConfig.func1()" file="$s:$d%!(EXTRA string=config.go, int=27)"
time="2022-11-18T18:04:14+03:00" level=info msg=123 func="main.main()" file="$s:$d%!(EXTRA string=server.go, int=15)"
time="2022-11-18T18:04:14+03:00" level=info msg="read application configuration" func="BalanceService/internal/config.GetConfig.func1()" file="$s:$d%!(EXTRA string=config.go, int=27)"
time="2022-11-18T18:04:19+03:00" level=fatal msg="strconv.ParseUint: parsing \"asdasd\": invalid syntax" func="BalanceService/internal/balance.(*handler).GetUserBalance()" file="$s:$d%!(EXTRA string=handler.go, int=59)"
time="2022-11-18T18:05:43+03:00" level=info msg=123 func="main.main()" file="$s:$d%!(EXTRA string=server.go, int=15)"
time="2022-11-18T18:05:43+03:00" level=info msg="read application configuration" func="BalanceService/internal/config.GetConfig.func1()" file="$s:$d%!(EXTRA string=config.go, int=27)"
time="2022-11-18T18:05:57+03:00" level=info msg="UserID: 2, ServiceID: 4, OrderID: 6, Amount: 250" func="BalanceService/internal/balance/db.db.Reservation()" file="$s:$d%!(EXTRA string=postgresql.go, int=65)"
time="2022-11-18T18:08:44+03:00" level=info msg=123 func="main.main()" file="$s:$d%!(EXTRA string=server.go, int=15)"
time="2022-11-18T18:08:44+03:00" level=info msg="read application configuration" func="BalanceService/internal/config.GetConfig.func1()" file="$s:$d%!(EXTRA string=config.go, int=27)"
time="2022-11-18T18:08:56+03:00" level=info msg="UserID: 2, ServiceID: 4, OrderID: 7, Amount: 250" func="BalanceService/internal/balance/db.db.Reservation()" file="$s:$d%!(EXTRA string=postgresql.go, int=65)"
time="2022-11-18T18:22:40+03:00" level=info msg=123 func="main.main()" file="$s:$d%!(EXTRA string=server.go, int=15)"
time="2022-11-18T18:22:40+03:00" level=info msg="read application configuration" func="BalanceService/internal/config.GetConfig.func1()" file="$s:$d%!(EXTRA string=config.go, int=27)"
time="2022-11-18T18:22:43+03:00" level=info msg=0 func="BalanceService/internal/balance.(*Service).AddAmount()" file="$s:$d%!(EXTRA string=service.go, int=26)"
time="2022-11-18T18:29:58+03:00" level=info msg=123 func="main.main()" file="$s:$d%!(EXTRA string=server.go, int=15)"
time="2022-11-18T18:29:58+03:00" level=info msg="read application configuration" func="BalanceService/internal/config.GetConfig.func1()" file="$s:$d%!(EXTRA string=config.go, int=27)"
time="2022-11-18T18:30:13+03:00" level=info msg=1000 func="BalanceService/internal/balance/db.db.AddAmount()" file="$s:$d%!(EXTRA string=postgresql.go, int=123)"
time="2022-11-18T18:31:16+03:00" level=info msg=123 func="main.main()" file="$s:$d%!(EXTRA string=server.go, int=15)"
time="2022-11-18T18:31:16+03:00" level=info msg="read application configuration" func="BalanceService/internal/config.GetConfig.func1()" file="$s:$d%!(EXTRA string=config.go, int=27)"
time="2022-11-18T18:45:03+03:00" level=info msg=123 func="main.main()" file="$s:$d%!(EXTRA string=server.go, int=15)"
time="2022-11-18T18:45:03+03:00" level=info msg="read application configuration" func="BalanceService/internal/config.GetConfig.func1()" file="$s:$d%!(EXTRA string=config.go, int=27)"
time="2022-11-18T18:48:20+03:00" level=info msg="UserID: 4, ServiceID: 1, OrderID: 15, Amount: 300" func="BalanceService/internal/balance/db.db.Reservation()" file="$s:$d%!(EXTRA string=postgresql.go, int=65)"
time="2022-11-18T18:49:06+03:00" level=error msg="SQL Error: column \"order_id\" does not exist, Detail: , Where: , Code: 42703" func="BalanceService/internal/balance/db.db.AcceptReservation()" file="$s:$d%!(EXTRA string=postgresql.go, int=27)"
time="2022-11-18T18:49:06+03:00" level=fatal msg="SQL Error: column \"order_id\" does not exist, Detail: , Where: , Code: 42703" func="BalanceService/internal/balance.(*Service).AcceptReservation()" file="$s:$d%!(EXTRA string=service.go, int=103)"
time="2022-11-18T18:55:25+03:00" level=info msg=123 func="main.main()" file="$s:$d%!(EXTRA string=server.go, int=15)"
time="2022-11-18T18:55:25+03:00" level=info msg="read application configuration" func="BalanceService/internal/config.GetConfig.func1()" file="$s:$d%!(EXTRA string=config.go, int=27)"
time="2022-11-18T18:58:08+03:00" level=info msg=123 func="main.main()" file="$s:$d%!(EXTRA string=server.go, int=15)"
time="2022-11-18T18:58:08+03:00" level=info msg="read application configuration" func="BalanceService/internal/config.GetConfig.func1()" file="$s:$d%!(EXTRA string=config.go, int=27)"
time="2022-11-18T18:58:20+03:00" level=error msg="SQL Error: column \"order_id\" does not exist, Detail: , Where: , Code: 42703" func="BalanceService/internal/balance/db.db.AcceptReservation()" file="$s:$d%!(EXTRA string=postgresql.go, int=27)"
time="2022-11-18T18:58:20+03:00" level=fatal msg="SQL Error: column \"order_id\" does not exist, Detail: , Where: , Code: 42703" func="BalanceService/internal/balance.(*Service).AcceptReservation()" file="$s:$d%!(EXTRA string=service.go, int=103)"
time="2022-11-18T19:03:06+03:00" level=info msg=123 func="main.main()" file="$s:$d%!(EXTRA string=server.go, int=15)"
time="2022-11-18T19:03:06+03:00" level=info msg="read application configuration" func="BalanceService/internal/config.GetConfig.func1()" file="$s:$d%!(EXTRA string=config.go, int=27)"
time="2022-11-18T20:05:42+03:00" level=info msg=123 func="main.main()" file="$s:$d%!(EXTRA string=server.go, int=15)"
time="2022-11-18T20:05:42+03:00" level=info msg="read application configuration" func="BalanceService/internal/config.GetConfig.func1()" file="$s:$d%!(EXTRA string=config.go, int=27)"
time="2022-11-18T20:06:07+03:00" level=info msg=1500 func="BalanceService/internal/balance/db.db.AddAmount()" file="$s:$d%!(EXTRA string=postgresql.go, int=145)"
time="2022-11-18T20:07:48+03:00" level=error msg="SQL Error: syntax error at or near \"$3\", Detail: , Where: , Code: 42601" func="BalanceService/internal/balance/db.db.GetTransactionHistory()" file="$s:$d%!(EXTRA string=postgresql.go, int=33)"
time="2022-11-18T20:07:48+03:00" level=fatal msg="SQL Error: syntax error at or near \"$3\", Detail: , Where: , Code: 42601" func="BalanceService/internal/balance.(*Service).GetTransactionHistory()" file="$s:$d%!(EXTRA string=service.go, int=27)"
time="2022-11-18T20:10:32+03:00" level=info msg=123 func="main.main()" file="$s:$d%!(EXTRA string=server.go, int=15)"
time="2022-11-18T20:10:32+03:00" level=info msg="read application configuration" func="BalanceService/internal/config.GetConfig.func1()" file="$s:$d%!(EXTRA string=config.go, int=27)"
time="2022-11-18T20:10:38+03:00" level=error msg="SQL Error: column \"date\" does not exist, Detail: , Where: , Code: 42703" func="BalanceService/internal/balance/db.db.GetTransactionHistory()" file="$s:$d%!(EXTRA string=postgresql.go, int=34)"
time="2022-11-18T20:10:38+03:00" level=fatal msg="SQL Error: column \"date\" does not exist, Detail: , Where: , Code: 42703" func="BalanceService/internal/balance.(*Service).GetTransactionHistory()" file="$s:$d%!(EXTRA string=service.go, int=27)"
time="2022-11-18T20:12:30+03:00" level=info msg=123 func="main.main()" file="$s:$d%!(EXTRA string=server.go, int=15)"
time="2022-11-18T20:12:30+03:00" level=info msg="read application configuration" func="BalanceService/internal/config.GetConfig.func1()" file="$s:$d%!(EXTRA string=config.go, int=27)"
time="2022-11-18T20:17:22+03:00" level=info msg=123 func="main.main()" file="$s:$d%!(EXTRA string=server.go, int=15)"
time="2022-11-18T20:17:22+03:00" level=info msg="read application configuration" func="BalanceService/internal/config.GetConfig.func1()" file="$s:$d%!(EXTRA string=config.go, int=27)"
time="2022-11-18T20:17:27+03:00" level=fatal msg=0 func="BalanceService/internal/balance.(*Service).GetTransactionHistory()" file="$s:$d%!(EXTRA string=service.go, int=31)"
time="2022-11-18T20:35:36+03:00" level=info msg=123 func="main.main()" file="$s:$d%!(EXTRA string=server.go, int=15)"
time="2022-11-18T20:35:36+03:00" level=info msg="read application configuration" func="BalanceService/internal/config.GetConfig.func1()" file="$s:$d%!(EXTRA string=config.go, int=27)"
time="2022-11-18T21:33:26+03:00" level=info msg=123 func="main.main()" file="$s:$d%!(EXTRA string=server.go, int=15)"
time="2022-11-18T21:33:26+03:00" level=info msg="read application configuration" func="BalanceService/internal/config.GetConfig.func1()" file="$s:$d%!(EXTRA string=config.go, int=27)"
